<?xml version="1.0" encoding="UTF-8"?>
<!-- Generated by org.testng.reporters.JUnitReportReporter -->
<testsuite skipped="0" hostname="LAPTOP-29CDN1KE" name="TestFunctions.SettingsWDGLTest" tests="3" failures="0" timestamp="29 Jan 2021 07:28:31 GMT" time="16.748" errors="0">
  <testcase name="selectWDGLMenu" time="6.150" classname="TestFunctions.SettingsWDGLTest"/>
  <testcase name="addWDGL" time="3.877" classname="TestFunctions.SettingsWDGLTest"/>
  <testcase name="deleteWDGL" time="6.721" classname="TestFunctions.SettingsWDGLTest"/>
</testsuite> <!-- TestFunctions.SettingsWDGLTest -->
