<?xml version="1.0" encoding="UTF-8"?>
<!-- Generated by org.testng.reporters.JUnitReportReporter -->
<testsuite skipped="2" hostname="LAPTOP-29CDN1KE" name="TestFunctions.LoginTest" tests="3" failures="0" timestamp="01 Feb 2021 05:29:42 GMT" time="3.425" errors="0">
  <testcase name="validlogin" time="3.425" classname="TestFunctions.LoginTest"/>
  <testcase name="Verifylogin" classname="TestFunctions.LoginTest">
    <skipped/>
  </testcase> <!-- Verifylogin -->
  <testcase name="inValidlogin" classname="TestFunctions.LoginTest">
    <skipped/>
  </testcase> <!-- inValidlogin -->
</testsuite> <!-- TestFunctions.LoginTest -->
