<?xml version="1.0" encoding="UTF-8"?>
<!-- Generated by org.testng.reporters.JUnitReportReporter -->
<testsuite skipped="0" hostname="LAPTOP-29CDN1KE" name="TestFunctions.SettingsAreaTest" tests="5" failures="0" timestamp="29 Jan 2021 07:28:31 GMT" time="27.513" errors="0">
  <testcase name="selectAreaMenu" time="3.286" classname="TestFunctions.SettingsAreaTest"/>
  <testcase name="addArea" time="6.964" classname="TestFunctions.SettingsAreaTest"/>
  <testcase name="disableArea" time="0.750" classname="TestFunctions.SettingsAreaTest"/>
  <testcase name="editArea" time="9.742" classname="TestFunctions.SettingsAreaTest"/>
  <testcase name="deleteArea" time="6.771" classname="TestFunctions.SettingsAreaTest"/>
</testsuite> <!-- TestFunctions.SettingsAreaTest -->
