<?xml version="1.0" encoding="UTF-8"?>
<!-- Generated by org.testng.reporters.JUnitReportReporter -->
<testsuite skipped="0" hostname="LAPTOP-29CDN1KE" name="TestFunctions.SettingsCellTest" tests="5" failures="0" timestamp="29 Jan 2021 07:28:31 GMT" time="36.330" errors="0">
  <testcase name="selectCellMenu" time="6.171" classname="TestFunctions.SettingsCellTest"/>
  <testcase name="addCell" time="10.028" classname="TestFunctions.SettingsCellTest"/>
  <testcase name="disableQuestions" time="3.671" classname="TestFunctions.SettingsCellTest"/>
  <testcase name="editCell" time="9.739" classname="TestFunctions.SettingsCellTest"/>
  <testcase name="deleteCell" time="6.721" classname="TestFunctions.SettingsCellTest"/>
</testsuite> <!-- TestFunctions.SettingsCellTest -->
