<?xml version="1.0" encoding="UTF-8"?>
<!-- Generated by org.testng.reporters.JUnitReportReporter -->
<testsuite skipped="0" hostname="LAPTOP-29CDN1KE" name="TestFunctions.SettingsQuestionsTest2" tests="2" failures="0" timestamp="20 Jan 2021 04:47:32 GMT" time="41.287" errors="0">
  <testcase name="addQuestions" time="24.134" classname="TestFunctions.SettingsQuestionsTest2"/>
  <testcase name="deleteQuestions" time="17.153" classname="TestFunctions.SettingsQuestionsTest2"/>
</testsuite> <!-- TestFunctions.SettingsQuestionsTest2 -->
