<?xml version="1.0" encoding="UTF-8"?>
<!-- Generated by org.testng.reporters.JUnitReportReporter -->
<testsuite skipped="0" hostname="LAPTOP-29CDN1KE" name="TestFunctions.SettingsLocationTest" tests="5" failures="0" timestamp="29 Jan 2021 07:28:31 GMT" time="33.549" errors="0">
  <testcase name="selectLocationMenu" time="6.141" classname="TestFunctions.SettingsLocationTest"/>
  <testcase name="addLocation" time="10.672" classname="TestFunctions.SettingsLocationTest"/>
  <testcase name="disableQuestions" time="2.875" classname="TestFunctions.SettingsLocationTest"/>
  <testcase name="editLocation" time="10.093" classname="TestFunctions.SettingsLocationTest"/>
  <testcase name="deleteLocation" time="3.768" classname="TestFunctions.SettingsLocationTest"/>
</testsuite> <!-- TestFunctions.SettingsLocationTest -->
