<?xml version="1.0" encoding="UTF-8"?>
<!-- Generated by org.testng.reporters.JUnitReportReporter -->
<testsuite skipped="0" hostname="LAPTOP-29CDN1KE" name="TestFunctions.SettingsTest" tests="4" failures="0" timestamp="18 Jan 2021 09:46:15 GMT" time="26.334" errors="0">
  <testcase name="selectLocationMenu" time="6.212" classname="TestFunctions.SettingsTest"/>
  <testcase name="addLocation" time="6.574" classname="TestFunctions.SettingsTest"/>
  <testcase name="editLocation" time="9.733" classname="TestFunctions.SettingsTest"/>
  <testcase name="deleteLocation" time="3.815" classname="TestFunctions.SettingsTest"/>
</testsuite> <!-- TestFunctions.SettingsTest -->
